build/outputs/logs/manifest-merger-debug-report.txt
-- Merging decision tree log ---
manifest
ADDED from ETicketHYDAll\AndroidManifest.xml:2:1-284:12
	package
		ADDED from ETicketHYDAll\AndroidManifest.xml:3:5-38
	android:versionName
		ADDED from ETicketHYDAll\AndroidManifest.xml:5:5-30
		INJECTED from ETicketHYDAll\AndroidManifest.xml
		INJECTED from ETicketHYDAll\AndroidManifest.xml
	android:versionCode
		ADDED from ETicketHYDAll\AndroidManifest.xml:4:5-28
		INJECTED from ETicketHYDAll\AndroidManifest.xml
		INJECTED from ETicketHYDAll\AndroidManifest.xml
	xmlns:android
		ADDED from ETicketHYDAll\AndroidManifest.xml:2:11-69
uses-sdk
ADDED from ETicketHYDAll\AndroidManifest.xml:7:5-9:41
MERGED from [com.android.support:design:25.3.1] AndroidManifest.xml:21:5-23:62
MERGED from [com.android.support:transition:25.3.1] AndroidManifest.xml:20:5-44
MERGED from [com.android.support:support-core-utils:25.3.1] AndroidManifest.xml:21:5-23:61
MERGED from [ru.bartwell:exfilepicker:2.1] AndroidManifest.xml:7:5-9:41
MERGED from [com.android.support:appcompat-v7:25.3.1] AndroidManifest.xml:21:5-23:78
MERGED from [com.android.support:animated-vector-drawable:25.3.1] AndroidManifest.xml:20:5-44
MERGED from [com.android.support:support-vector-drawable:25.3.1] AndroidManifest.xml:20:5-43
MERGED from [com.android.support:recyclerview-v7:25.3.1] AndroidManifest.xml:20:5-43
MERGED from [com.android.support:support-core-ui:25.3.1] AndroidManifest.xml:21:5-23:58
MERGED from [com.android.support:support-compat:25.3.1] AndroidManifest.xml:21:5-23:58
MERGED from [com.android.support:cardview-v7:25.2.0] AndroidManifest.xml:20:5-43
MERGED from [com.intuit.sdp:sdp-android:1.0.5] AndroidManifest.xml:7:5-9:41
MERGED from [com.crashlytics.sdk.android:crashlytics:2.6.8] AndroidManifest.xml:7:5-43
MERGED from [com.crashlytics.sdk.android:beta:1.2.5] AndroidManifest.xml:7:5-43
MERGED from [com.crashlytics.sdk.android:crashlytics-core:2.3.17] AndroidManifest.xml:50:5-43
MERGED from [com.crashlytics.sdk.android:answers:1.3.13] AndroidManifest.xml:7:5-43
MERGED from [io.fabric.sdk.android:fabric:1.3.17] AndroidManifest.xml:27:5-43
	tools:overrideLibrary
		ADDED from [com.android.support:design:25.3.1] AndroidManifest.xml:23:9-59
	android:targetSdkVersion
		ADDED from ETicketHYDAll\AndroidManifest.xml:9:9-38
		INJECTED from ETicketHYDAll\AndroidManifest.xml
		INJECTED from ETicketHYDAll\AndroidManifest.xml
	android:minSdkVersion
		ADDED from ETicketHYDAll\AndroidManifest.xml:8:9-35
		INJECTED from ETicketHYDAll\AndroidManifest.xml
		INJECTED from ETicketHYDAll\AndroidManifest.xml
uses-permission#android.permission.WRITE_SETTINGS
ADDED from ETicketHYDAll\AndroidManifest.xml:11:5-73
	android:name
		ADDED from ETicketHYDAll\AndroidManifest.xml:11:22-70
uses-permission#android.permission.INTERNET
ADDED from ETicketHYDAll\AndroidManifest.xml:12:5-67
MERGED from [com.crashlytics.sdk.android:crashlytics:2.6.8] AndroidManifest.xml:9:5-67
MERGED from [com.crashlytics.sdk.android:beta:1.2.5] AndroidManifest.xml:9:5-67
MERGED from [com.crashlytics.sdk.android:crashlytics-core:2.3.17] AndroidManifest.xml:52:5-67
MERGED from [com.crashlytics.sdk.android:answers:1.3.13] AndroidManifest.xml:9:5-67
MERGED from [io.fabric.sdk.android:fabric:1.3.17] AndroidManifest.xml:29:5-67
	android:name
		ADDED from ETicketHYDAll\AndroidManifest.xml:12:22-64
uses-permission#android.permission.ACCESS_COARSE_LOCATION
ADDED from ETicketHYDAll\AndroidManifest.xml:13:5-81
	android:name
		ADDED from ETicketHYDAll\AndroidManifest.xml:13:22-78
uses-permission#android.permission.ACCESS_FINE_LOCATION
ADDED from ETicketHYDAll\AndroidManifest.xml:14:5-79
	android:name
		ADDED from ETicketHYDAll\AndroidManifest.xml:14:22-76
uses-permission#android.permission.ACCESS_NETWORK_STATE
ADDED from ETicketHYDAll\AndroidManifest.xml:15:5-79
	android:name
		ADDED from ETicketHYDAll\AndroidManifest.xml:15:22-76
uses-permission#android.permission.WRITE_EXTERNAL_STORAGE
ADDED from ETicketHYDAll\AndroidManifest.xml:16:5-81
MERGED from [ru.bartwell:exfilepicker:2.1] AndroidManifest.xml:12:5-81
	android:name
		ADDED from ETicketHYDAll\AndroidManifest.xml:16:22-78
uses-permission#android.permission.READ_EXTERNAL_STORAGE
ADDED from ETicketHYDAll\AndroidManifest.xml:17:5-80
MERGED from [ru.bartwell:exfilepicker:2.1] AndroidManifest.xml:11:5-80
	android:name
		ADDED from ETicketHYDAll\AndroidManifest.xml:17:22-77
uses-permission#android.permission.READ_PHONE_STATE
ADDED from ETicketHYDAll\AndroidManifest.xml:18:5-75
	android:name
		ADDED from ETicketHYDAll\AndroidManifest.xml:18:22-72
uses-permission#android.permission.CAMERA
ADDED from ETicketHYDAll\AndroidManifest.xml:19:5-65
	android:name
		ADDED from ETicketHYDAll\AndroidManifest.xml:19:22-62
uses-permission#android.permission.ACCESS_WIFI_STATE
ADDED from ETicketHYDAll\AndroidManifest.xml:20:5-76
	android:name
		ADDED from ETicketHYDAll\AndroidManifest.xml:20:22-73
uses-permission#android.permission.BLUETOOTH
ADDED from ETicketHYDAll\AndroidManifest.xml:21:5-68
	android:name
		ADDED from ETicketHYDAll\AndroidManifest.xml:21:22-65
uses-permission#android.permission.BLUETOOTH_ADMIN
ADDED from ETicketHYDAll\AndroidManifest.xml:22:5-74
	android:name
		ADDED from ETicketHYDAll\AndroidManifest.xml:22:22-71
uses-permission#com.android.launcher.permission.INSTALL_SHORTCUT
ADDED from ETicketHYDAll\AndroidManifest.xml:23:5-88
	android:name
		ADDED from ETicketHYDAll\AndroidManifest.xml:23:22-85
uses-permission#android.permission.READ_LOGS
ADDED from ETicketHYDAll\AndroidManifest.xml:24:5-68
	android:name
		ADDED from ETicketHYDAll\AndroidManifest.xml:24:22-65
uses-permission#android.permission.INSTALL_PACKAGES
ADDED from ETicketHYDAll\AndroidManifest.xml:25:5-75
	android:name
		ADDED from ETicketHYDAll\AndroidManifest.xml:25:22-72
uses-permission#android.permission.DELETE_PACKAGES
ADDED from ETicketHYDAll\AndroidManifest.xml:26:5-74
	android:name
		ADDED from ETicketHYDAll\AndroidManifest.xml:26:22-71
application
ADDED from ETicketHYDAll\AndroidManifest.xml:28:5-282:19
MERGED from [com.android.support:design:25.3.1] AndroidManifest.xml:29:5-20
MERGED from [com.android.support:transition:25.3.1] AndroidManifest.xml:26:5-20
MERGED from [com.android.support:support-core-utils:25.3.1] AndroidManifest.xml:29:5-20
MERGED from [ru.bartwell:exfilepicker:2.1] AndroidManifest.xml:14:5-18:19
MERGED from [com.android.support:appcompat-v7:25.3.1] AndroidManifest.xml:29:5-20
MERGED from [com.android.support:animated-vector-drawable:25.3.1] AndroidManifest.xml:26:5-20
MERGED from [com.android.support:support-vector-drawable:25.3.1] AndroidManifest.xml:26:5-20
MERGED from [com.android.support:support-core-ui:25.3.1] AndroidManifest.xml:29:5-20
MERGED from [com.android.support:support-compat:25.3.1] AndroidManifest.xml:29:5-20
MERGED from [com.android.support:cardview-v7:25.2.0] AndroidManifest.xml:22:5-20
MERGED from [com.crashlytics.sdk.android:crashlytics:2.6.8] AndroidManifest.xml:11:5-20
MERGED from [com.crashlytics.sdk.android:beta:1.2.5] AndroidManifest.xml:11:5-20
MERGED from [com.crashlytics.sdk.android:crashlytics-core:2.3.17] AndroidManifest.xml:54:5-20
MERGED from [com.crashlytics.sdk.android:answers:1.3.13] AndroidManifest.xml:11:5-20
MERGED from [io.fabric.sdk.android:fabric:1.3.17] AndroidManifest.xml:31:5-20
	android:label
		ADDED from ETicketHYDAll\AndroidManifest.xml:31:9-41
	android:allowBackup
		ADDED from ETicketHYDAll\AndroidManifest.xml:29:9-36
	android:icon
		ADDED from ETicketHYDAll\AndroidManifest.xml:30:9-42
	android:largeHeap
		ADDED from ETicketHYDAll\AndroidManifest.xml:32:9-33
	android:theme
		ADDED from ETicketHYDAll\AndroidManifest.xml:33:9-40
provider#android.support.v4.content.FileProvider
ADDED from ETicketHYDAll\AndroidManifest.xml:35:9-43:20
	android:authorities
		ADDED from ETicketHYDAll\AndroidManifest.xml:37:13-67
	android:grantUriPermissions
		ADDED from ETicketHYDAll\AndroidManifest.xml:39:13-47
	android:exported
		ADDED from ETicketHYDAll\AndroidManifest.xml:38:13-37
	android:name
		ADDED from ETicketHYDAll\AndroidManifest.xml:36:13-67
meta-data#android.support.FILE_PROVIDER_PATHS
ADDED from ETicketHYDAll\AndroidManifest.xml:40:13-42:53
	android:resource
		ADDED from ETicketHYDAll\AndroidManifest.xml:42:17-51
	android:name
		ADDED from ETicketHYDAll\AndroidManifest.xml:41:17-67
activity#com.mtpv.mobilee_ticket.MainActivity
ADDED from ETicketHYDAll\AndroidManifest.xml:45:9-55:20
	android:screenOrientation
		ADDED from ETicketHYDAll\AndroidManifest.xml:48:13-49
	android:label
		ADDED from ETicketHYDAll\AndroidManifest.xml:47:13-45
	android:windowSoftInputMode
		ADDED from ETicketHYDAll\AndroidManifest.xml:49:13-52
	android:name
		ADDED from ETicketHYDAll\AndroidManifest.xml:46:13-41
intent-filter#android.intent.action.MAIN+android.intent.category.LAUNCHER
ADDED from ETicketHYDAll\AndroidManifest.xml:50:13-54:29
action#android.intent.action.MAIN
ADDED from ETicketHYDAll\AndroidManifest.xml:51:17-69
	android:name
		ADDED from ETicketHYDAll\AndroidManifest.xml:51:25-66
category#android.intent.category.LAUNCHER
ADDED from ETicketHYDAll\AndroidManifest.xml:53:17-77
	android:name
		ADDED from ETicketHYDAll\AndroidManifest.xml:53:27-74
activity#com.mtpv.mobilee_ticket.GenerateDrunkDriveCase
ADDED from ETicketHYDAll\AndroidManifest.xml:56:9-61:20
	android:screenOrientation
		ADDED from ETicketHYDAll\AndroidManifest.xml:59:13-49
	android:excludeFromRecents
		ADDED from ETicketHYDAll\AndroidManifest.xml:58:13-46
	android:windowSoftInputMode
		ADDED from ETicketHYDAll\AndroidManifest.xml:60:13-52
	android:name
		ADDED from ETicketHYDAll\AndroidManifest.xml:57:13-51
activity#com.mtpv.mobilee_ticket.Dashboard
ADDED from ETicketHYDAll\AndroidManifest.xml:62:9-67:20
	android:screenOrientation
		ADDED from ETicketHYDAll\AndroidManifest.xml:65:13-49
	android:excludeFromRecents
		ADDED from ETicketHYDAll\AndroidManifest.xml:64:13-46
	android:windowSoftInputMode
		ADDED from ETicketHYDAll\AndroidManifest.xml:66:13-52
	android:name
		ADDED from ETicketHYDAll\AndroidManifest.xml:63:13-38
activity#com.mtpv.mobilee_ticket.Settings_New
ADDED from ETicketHYDAll\AndroidManifest.xml:68:9-73:20
	android:screenOrientation
		ADDED from ETicketHYDAll\AndroidManifest.xml:71:13-49
	android:excludeFromRecents
		ADDED from ETicketHYDAll\AndroidManifest.xml:70:13-46
	android:windowSoftInputMode
		ADDED from ETicketHYDAll\AndroidManifest.xml:72:13-52
	android:name
		ADDED from ETicketHYDAll\AndroidManifest.xml:69:13-41
activity#com.mtpv.mobilee_ticket.DrunkResponse
ADDED from ETicketHYDAll\AndroidManifest.xml:74:9-79:20
	android:screenOrientation
		ADDED from ETicketHYDAll\AndroidManifest.xml:77:13-49
	android:excludeFromRecents
		ADDED from ETicketHYDAll\AndroidManifest.xml:76:13-46
	android:windowSoftInputMode
		ADDED from ETicketHYDAll\AndroidManifest.xml:78:13-52
	android:name
		ADDED from ETicketHYDAll\AndroidManifest.xml:75:13-42
activity#com.mtpv.mobilee_ticket.PendingChallans
ADDED from ETicketHYDAll\AndroidManifest.xml:80:9-85:20
	android:screenOrientation
		ADDED from ETicketHYDAll\AndroidManifest.xml:83:13-49
	android:excludeFromRecents
		ADDED from ETicketHYDAll\AndroidManifest.xml:82:13-46
	android:windowSoftInputMode
		ADDED from ETicketHYDAll\AndroidManifest.xml:84:13-52
	android:name
		ADDED from ETicketHYDAll\AndroidManifest.xml:81:13-44
activity#com.mtpv.mobilee_ticket.Drunk_Drive
ADDED from ETicketHYDAll\AndroidManifest.xml:86:9-93:20
	android:screenOrientation
		ADDED from ETicketHYDAll\AndroidManifest.xml:89:13-49
	android:excludeFromRecents
		ADDED from ETicketHYDAll\AndroidManifest.xml:88:13-46
	android:windowSoftInputMode
		ADDED from ETicketHYDAll\AndroidManifest.xml:90:13-52
	android:name
		ADDED from ETicketHYDAll\AndroidManifest.xml:87:13-40
activity#com.mtpv.mobilee_ticket.DuplicatePrint
ADDED from ETicketHYDAll\AndroidManifest.xml:94:9-99:20
	android:screenOrientation
		ADDED from ETicketHYDAll\AndroidManifest.xml:97:13-49
	android:excludeFromRecents
		ADDED from ETicketHYDAll\AndroidManifest.xml:96:13-46
	android:windowSoftInputMode
		ADDED from ETicketHYDAll\AndroidManifest.xml:98:13-52
	android:name
		ADDED from ETicketHYDAll\AndroidManifest.xml:95:13-43
activity#com.mtpv.mobilee_ticket.IPSettings
ADDED from ETicketHYDAll\AndroidManifest.xml:100:9-105:20
	android:screenOrientation
		ADDED from ETicketHYDAll\AndroidManifest.xml:103:13-49
	android:excludeFromRecents
		ADDED from ETicketHYDAll\AndroidManifest.xml:102:13-46
	android:windowSoftInputMode
		ADDED from ETicketHYDAll\AndroidManifest.xml:104:13-52
	android:name
		ADDED from ETicketHYDAll\AndroidManifest.xml:101:13-39
activity#com.mtpv.mobilee_ticket.SpotChallan
ADDED from ETicketHYDAll\AndroidManifest.xml:106:9-111:20
	android:screenOrientation
		ADDED from ETicketHYDAll\AndroidManifest.xml:109:13-49
	android:excludeFromRecents
		ADDED from ETicketHYDAll\AndroidManifest.xml:108:13-46
	android:windowSoftInputMode
		ADDED from ETicketHYDAll\AndroidManifest.xml:110:13-52
	android:name
		ADDED from ETicketHYDAll\AndroidManifest.xml:107:13-40
activity#com.mtpv.mobilee_ticket.SpotResponse
ADDED from ETicketHYDAll\AndroidManifest.xml:112:9-117:20
	android:screenOrientation
		ADDED from ETicketHYDAll\AndroidManifest.xml:115:13-49
	android:excludeFromRecents
		ADDED from ETicketHYDAll\AndroidManifest.xml:114:13-46
	android:windowSoftInputMode
		ADDED from ETicketHYDAll\AndroidManifest.xml:116:13-52
	android:name
		ADDED from ETicketHYDAll\AndroidManifest.xml:113:13-41
activity#com.mtpv.mobilee_ticket.VehicleHistoryPendingChallans
ADDED from ETicketHYDAll\AndroidManifest.xml:118:9-123:20
	android:screenOrientation
		ADDED from ETicketHYDAll\AndroidManifest.xml:121:13-49
	android:excludeFromRecents
		ADDED from ETicketHYDAll\AndroidManifest.xml:120:13-46
	android:windowSoftInputMode
		ADDED from ETicketHYDAll\AndroidManifest.xml:122:13-52
	android:name
		ADDED from ETicketHYDAll\AndroidManifest.xml:119:13-58
activity#com.mtpv.mobilee_ticket.OfflineDashboardActivity
ADDED from ETicketHYDAll\AndroidManifest.xml:124:9-128:20
	android:label
		ADDED from ETicketHYDAll\AndroidManifest.xml:126:13-69
	android:windowSoftInputMode
		ADDED from ETicketHYDAll\AndroidManifest.xml:127:13-52
	android:name
		ADDED from ETicketHYDAll\AndroidManifest.xml:125:13-53
activity#com.mtpv.mobilee_ticket.Offline_GenerateCase
ADDED from ETicketHYDAll\AndroidManifest.xml:129:9-133:20
	android:label
		ADDED from ETicketHYDAll\AndroidManifest.xml:131:13-74
	android:windowSoftInputMode
		ADDED from ETicketHYDAll\AndroidManifest.xml:132:13-52
	android:name
		ADDED from ETicketHYDAll\AndroidManifest.xml:130:13-49
activity#com.mtpv.mobilee_ticket.Offline_Settings
ADDED from ETicketHYDAll\AndroidManifest.xml:134:9-138:20
	android:label
		ADDED from ETicketHYDAll\AndroidManifest.xml:136:13-69
	android:windowSoftInputMode
		ADDED from ETicketHYDAll\AndroidManifest.xml:137:13-52
	android:name
		ADDED from ETicketHYDAll\AndroidManifest.xml:135:13-45
activity#com.mtpv.mobilee_ticket.Respone_Print
ADDED from ETicketHYDAll\AndroidManifest.xml:139:9-143:20
	android:label
		ADDED from ETicketHYDAll\AndroidManifest.xml:141:13-66
	android:windowSoftInputMode
		ADDED from ETicketHYDAll\AndroidManifest.xml:142:13-52
	android:name
		ADDED from ETicketHYDAll\AndroidManifest.xml:140:13-42
activity#com.mtpv.mobilee_ticket.Fake_NO_Dialog
ADDED from ETicketHYDAll\AndroidManifest.xml:144:9-149:20
	android:label
		ADDED from ETicketHYDAll\AndroidManifest.xml:146:13-66
	android:windowSoftInputMode
		ADDED from ETicketHYDAll\AndroidManifest.xml:148:13-52
	android:theme
		ADDED from ETicketHYDAll\AndroidManifest.xml:147:13-56
	android:name
		ADDED from ETicketHYDAll\AndroidManifest.xml:145:13-43
activity#com.mtpv.mobilee_ticket.OTP_input
ADDED from ETicketHYDAll\AndroidManifest.xml:150:9-154:20
	android:label
		ADDED from ETicketHYDAll\AndroidManifest.xml:152:13-61
	android:theme
		ADDED from ETicketHYDAll\AndroidManifest.xml:153:13-56
	android:name
		ADDED from ETicketHYDAll\AndroidManifest.xml:151:13-38
activity#com.mtpv.mobilee_ticket.ExtraPassengers
ADDED from ETicketHYDAll\AndroidManifest.xml:155:9-159:20
	android:label
		ADDED from ETicketHYDAll\AndroidManifest.xml:157:13-59
	android:theme
		ADDED from ETicketHYDAll\AndroidManifest.xml:158:13-56
	android:name
		ADDED from ETicketHYDAll\AndroidManifest.xml:156:13-44
activity#com.mtpv.mobilee_ticket.E_Challan
ADDED from ETicketHYDAll\AndroidManifest.xml:160:9-164:20
	android:label
		ADDED from ETicketHYDAll\AndroidManifest.xml:162:13-62
	android:windowSoftInputMode
		ADDED from ETicketHYDAll\AndroidManifest.xml:163:13-52
	android:name
		ADDED from ETicketHYDAll\AndroidManifest.xml:161:13-38
activity#com.mtpv.mobilee_ticket.E_Challan_Reports
ADDED from ETicketHYDAll\AndroidManifest.xml:165:9-169:20
	android:label
		ADDED from ETicketHYDAll\AndroidManifest.xml:167:13-71
	android:windowSoftInputMode
		ADDED from ETicketHYDAll\AndroidManifest.xml:168:13-52
	android:name
		ADDED from ETicketHYDAll\AndroidManifest.xml:166:13-46
activity#com.mtpv.mobilee_ticket.MinorActivity
ADDED from ETicketHYDAll\AndroidManifest.xml:170:9-174:20
	android:label
		ADDED from ETicketHYDAll\AndroidManifest.xml:172:13-57
	android:theme
		ADDED from ETicketHYDAll\AndroidManifest.xml:173:13-56
	android:name
		ADDED from ETicketHYDAll\AndroidManifest.xml:171:13-42
activity#com.mtpv.mobilee_ticket.DD_Print
ADDED from ETicketHYDAll\AndroidManifest.xml:175:9-178:20
	android:label
		ADDED from ETicketHYDAll\AndroidManifest.xml:177:13-61
	android:name
		ADDED from ETicketHYDAll\AndroidManifest.xml:176:13-37
activity#com.mtpv.mobilee_ticket.PopupDetails
ADDED from ETicketHYDAll\AndroidManifest.xml:179:9-183:20
	android:label
		ADDED from ETicketHYDAll\AndroidManifest.xml:181:13-43
	android:windowSoftInputMode
		ADDED from ETicketHYDAll\AndroidManifest.xml:182:13-52
	android:name
		ADDED from ETicketHYDAll\AndroidManifest.xml:180:13-41
activity#com.mtpv.mobilee_ticket.DeviceListActivity
ADDED from ETicketHYDAll\AndroidManifest.xml:184:9-191:20
	android:label
		ADDED from ETicketHYDAll\AndroidManifest.xml:186:13-45
	android:theme
		ADDED from ETicketHYDAll\AndroidManifest.xml:187:13-56
	android:name
		ADDED from ETicketHYDAll\AndroidManifest.xml:185:13-47
intent-filter#android.intent.action.VIEW
ADDED from ETicketHYDAll\AndroidManifest.xml:188:13-190:29
action#android.intent.action.VIEW
ADDED from ETicketHYDAll\AndroidManifest.xml:189:17-69
	android:name
		ADDED from ETicketHYDAll\AndroidManifest.xml:189:25-66
activity#com.pinpad.mtpv.PinPad_ListActivity
ADDED from ETicketHYDAll\AndroidManifest.xml:192:9-199:20
	android:label
		ADDED from ETicketHYDAll\AndroidManifest.xml:194:13-65
	android:theme
		ADDED from ETicketHYDAll\AndroidManifest.xml:195:13-56
	android:name
		ADDED from ETicketHYDAll\AndroidManifest.xml:193:13-63
activity#com.pinpad.mtpv.PinPadList
ADDED from ETicketHYDAll\AndroidManifest.xml:200:9-203:20
	android:label
		ADDED from ETicketHYDAll\AndroidManifest.xml:202:13-64
	android:name
		ADDED from ETicketHYDAll\AndroidManifest.xml:201:13-54
activity#com.pinpad.mtpv.GetPinPad
ADDED from ETicketHYDAll\AndroidManifest.xml:204:9-207:20
	android:label
		ADDED from ETicketHYDAll\AndroidManifest.xml:206:13-63
	android:name
		ADDED from ETicketHYDAll\AndroidManifest.xml:205:13-53
activity#com.mtpv.mobilee_ticket.Bluetooth
ADDED from ETicketHYDAll\AndroidManifest.xml:208:9-211:20
	android:label
		ADDED from ETicketHYDAll\AndroidManifest.xml:210:13-67
	android:name
		ADDED from ETicketHYDAll\AndroidManifest.xml:209:13-38
activity#com.mtpv.mobilee_ticket.BluetoothListActivity
ADDED from ETicketHYDAll\AndroidManifest.xml:212:9-215:20
	android:label
		ADDED from ETicketHYDAll\AndroidManifest.xml:214:13-66
	android:name
		ADDED from ETicketHYDAll\AndroidManifest.xml:213:13-50
activity#com.mtpv.mobilee_ticket.Settings_Old
ADDED from ETicketHYDAll\AndroidManifest.xml:216:9-219:20
	android:label
		ADDED from ETicketHYDAll\AndroidManifest.xml:218:13-65
	android:name
		ADDED from ETicketHYDAll\AndroidManifest.xml:217:13-41
activity#com.mtpv.mobilee_ticket.Dashboard_Old
ADDED from ETicketHYDAll\AndroidManifest.xml:220:9-223:20
	android:label
		ADDED from ETicketHYDAll\AndroidManifest.xml:222:13-66
	android:name
		ADDED from ETicketHYDAll\AndroidManifest.xml:221:13-42
activity#com.mtpv.mobilee_ticket.DD_Response_Print
ADDED from ETicketHYDAll\AndroidManifest.xml:224:9-227:20
	android:label
		ADDED from ETicketHYDAll\AndroidManifest.xml:226:13-71
	android:name
		ADDED from ETicketHYDAll\AndroidManifest.xml:225:13-46
activity#com.mtpv.mobilee_ticket.AadhaarUpdate
ADDED from ETicketHYDAll\AndroidManifest.xml:228:9-231:20
	android:label
		ADDED from ETicketHYDAll\AndroidManifest.xml:230:13-66
	android:name
		ADDED from ETicketHYDAll\AndroidManifest.xml:229:13-42
activity#com.mtpv.mobilee_ticket.Aadhaar_Update_Print
ADDED from ETicketHYDAll\AndroidManifest.xml:232:9-235:20
	android:label
		ADDED from ETicketHYDAll\AndroidManifest.xml:234:13-74
	android:name
		ADDED from ETicketHYDAll\AndroidManifest.xml:233:13-49
activity#com.mtpv.mobilee_ticket.DateOfBirth_Update
ADDED from ETicketHYDAll\AndroidManifest.xml:236:9-240:20
	android:label
		ADDED from ETicketHYDAll\AndroidManifest.xml:238:13-73
	android:theme
		ADDED from ETicketHYDAll\AndroidManifest.xml:239:13-56
	android:name
		ADDED from ETicketHYDAll\AndroidManifest.xml:237:13-47
activity#com.mtpv.mobilee_ticket.ChangePassword
ADDED from ETicketHYDAll\AndroidManifest.xml:241:9-245:20
	android:label
		ADDED from ETicketHYDAll\AndroidManifest.xml:243:13-67
	android:theme
		ADDED from ETicketHYDAll\AndroidManifest.xml:244:13-56
	android:name
		ADDED from ETicketHYDAll\AndroidManifest.xml:242:13-43
activity#com.mtpv.mobilee_ticket.ReleaseversionActivity
ADDED from ETicketHYDAll\AndroidManifest.xml:246:9-249:20
	android:label
		ADDED from ETicketHYDAll\AndroidManifest.xml:248:13-66
	android:name
		ADDED from ETicketHYDAll\AndroidManifest.xml:247:13-51
activity#com.mtpv.mobilee_ticket.Dashboard_PC
ADDED from ETicketHYDAll\AndroidManifest.xml:250:9-255:20
	android:screenOrientation
		ADDED from ETicketHYDAll\AndroidManifest.xml:253:13-49
	android:excludeFromRecents
		ADDED from ETicketHYDAll\AndroidManifest.xml:252:13-46
	android:windowSoftInputMode
		ADDED from ETicketHYDAll\AndroidManifest.xml:254:13-52
	android:name
		ADDED from ETicketHYDAll\AndroidManifest.xml:251:13-41
activity#com.mtpv.mobilee_ticket.Login_otp
ADDED from ETicketHYDAll\AndroidManifest.xml:256:9-260:20
	android:label
		ADDED from ETicketHYDAll\AndroidManifest.xml:258:13-61
	android:theme
		ADDED from ETicketHYDAll\AndroidManifest.xml:259:13-56
	android:name
		ADDED from ETicketHYDAll\AndroidManifest.xml:257:13-38
activity#com.mtpv.mobilee_ticket.Drunk_Drive_Fake_Dialog
ADDED from ETicketHYDAll\AndroidManifest.xml:261:9-264:20
	android:label
		ADDED from ETicketHYDAll\AndroidManifest.xml:263:13-78
	android:name
		ADDED from ETicketHYDAll\AndroidManifest.xml:262:13-52
activity#com.mtpv.mobilee_ticket.mtpv_SpecialDrive
ADDED from ETicketHYDAll\AndroidManifest.xml:266:9-64
	android:name
		ADDED from ETicketHYDAll\AndroidManifest.xml:266:19-52
activity#com.mtpv.mobilee_ticket.SpecialDriveResponse_Print
ADDED from ETicketHYDAll\AndroidManifest.xml:267:9-73
	android:name
		ADDED from ETicketHYDAll\AndroidManifest.xml:267:19-61
activity#com.mtpv.mobilee_ticket.E_Challan_Non_ContactModule
ADDED from ETicketHYDAll\AndroidManifest.xml:268:9-271:25
	android:name
		ADDED from ETicketHYDAll\AndroidManifest.xml:268:19-62
meta-data#io.fabric.ApiKey
ADDED from ETicketHYDAll\AndroidManifest.xml:276:9-278:72
	android:value
		ADDED from ETicketHYDAll\AndroidManifest.xml:278:13-69
	android:name
		ADDED from ETicketHYDAll\AndroidManifest.xml:277:13-44
meta-data#android.support.VERSION
ADDED from [com.android.support:design:25.3.1] AndroidManifest.xml:25:5-27:34
MERGED from [com.android.support:transition:25.3.1] AndroidManifest.xml:22:5-24:34
MERGED from [com.android.support:support-core-utils:25.3.1] AndroidManifest.xml:25:5-27:34
MERGED from [com.android.support:appcompat-v7:25.3.1] AndroidManifest.xml:25:5-27:34
MERGED from [com.android.support:animated-vector-drawable:25.3.1] AndroidManifest.xml:22:5-24:34
MERGED from [com.android.support:support-vector-drawable:25.3.1] AndroidManifest.xml:22:5-24:34
MERGED from [com.android.support:recyclerview-v7:25.3.1] AndroidManifest.xml:22:5-24:34
MERGED from [com.android.support:support-core-ui:25.3.1] AndroidManifest.xml:25:5-27:34
MERGED from [com.android.support:support-compat:25.3.1] AndroidManifest.xml:25:5-27:34
	android:value
		ADDED from [com.android.support:design:25.3.1] AndroidManifest.xml:27:9-31
	android:name
		ADDED from [com.android.support:design:25.3.1] AndroidManifest.xml:26:9-47
activity#ru.bartwell.exfilepicker.ui.activity.ExFilePickerActivity
ADDED from [ru.bartwell:exfilepicker:2.1] AndroidManifest.xml:15:9-17:61
	android:theme
		ADDED from [ru.bartwell:exfilepicker:2.1] AndroidManifest.xml:17:13-58
	android:name
		ADDED from [ru.bartwell:exfilepicker:2.1] AndroidManifest.xml:16:13-85